<?xml version="1.0" encoding="UTF-8"?>
<testng-results skipped="0" failed="0" total="1" passed="1">
  <reporter-output>
  </reporter-output>
  <suite name="Default suite" duration-ms="1146" started-at="2022-08-18T01:59:42Z" finished-at="2022-08-18T01:59:43Z">
    <groups>
    </groups>
    <test name="Default test" duration-ms="1146" started-at="2022-08-18T01:59:42Z" finished-at="2022-08-18T01:59:43Z">
      <class name="com.mln.excelHandling.ReadExcelData">
        <test-method status="PASS" signature="f()[pri:0, instance:com.mln.excelHandling.ReadExcelData@61a52fbd]" name="f" duration-ms="1119" started-at="2022-08-17T21:59:42Z" finished-at="2022-08-17T21:59:43Z">
          <reporter-output>
          </reporter-output>
        </test-method> <!-- f -->
      </class> <!-- com.mln.excelHandling.ReadExcelData -->
    </test> <!-- Default test -->
  </suite> <!-- Default suite -->
</testng-results>
